<?xml version="1.0" encoding="utf-8"?><testsuites name="pytest tests"><testsuite name="pytest" errors="0" failures="0" skipped="0" tests="136" time="1.779" timestamp="2026-01-27T10:52:32.344614+01:00" hostname="Akashs-MBP"><testcase classname="tests.dataclasses.test_candidate.TestCandidateInitialization" name="test_candidate_with_no_features" time="0.002" /><testcase classname="tests.dataclasses.test_candidate.TestCandidateInitialization" name="test_candidate_with_features" time="0.001" /><testcase classname="tests.dataclasses.test_candidate.TestCandidateInitialization" name="test_candidate_with_none_features" time="0.003" /><testcase classname="tests.dataclasses.test_candidate.TestCandidateInitialization" name="test_candidate_repr" time="0.001" /><testcase classname="tests.dataclasses.test_candidate.TestCandidateDataModalities" name="test_sequence_modality" time="0.001" /><testcase classname="tests.dataclasses.test_candidate.TestCandidateDataModalities" name="test_image_modality_numpy" time="0.001" /><testcase classname="tests.dataclasses.test_candidate.TestCandidateDataModalities" name="test_image_modality_torch" time="0.005" /><testcase classname="tests.dataclasses.test_candidate.TestCandidateDataModalities" name="test_graph_modality" time="0.002" /><testcase classname="tests.dataclasses.test_candidate.TestCandidateDataModalities" name="test_structure_modality" time="0.001" /><testcase classname="tests.dataclasses.test_candidate.TestCandidateDataModalities" name="test_tabular_modality_pandas" time="0.004" /><testcase classname="tests.dataclasses.test_candidate.TestCandidateDataModalities" name="test_tabular_modality_dict" time="0.001" /><testcase classname="tests.dataclasses.test_candidate.TestCandidateDataModalities" name="test_embedding_modality" time="0.001" /><testcase classname="tests.dataclasses.test_candidate.TestCandidateEdgeCases" name="test_empty_string_data" time="0.001" /><testcase classname="tests.dataclasses.test_candidate.TestCandidateEdgeCases" name="test_none_data" time="0.001" /><testcase classname="tests.dataclasses.test_candidate.TestCandidateEdgeCases" name="test_empty_list_data" time="0.001" /><testcase classname="tests.dataclasses.test_candidate.TestCandidateEdgeCases" name="test_empty_features_dict" time="0.001" /><testcase classname="tests.dataclasses.test_candidate.TestCandidateEdgeCases" name="test_nested_features" time="0.001" /><testcase classname="tests.dataclasses.test_candidate.TestCandidateFeatures" name="test_features_immutability_after_init" time="0.001" /><testcase classname="tests.dataclasses.test_candidate.TestCandidateFeatures" name="test_features_with_different_types" time="0.002" /><testcase classname="tests.dataclasses.test_candidate.TestCandidateStringify" name="test_stringify_sequence" time="0.001" /><testcase classname="tests.dataclasses.test_candidate.TestCandidateStringify" name="test_stringify_unsupported_modality_raises" time="0.002" /><testcase classname="tests.dataclasses.test_candidate" name="test_candidate_modality_consistency[Modality.SEQUENCE-&lt;lambda&gt;]" time="0.001" /><testcase classname="tests.dataclasses.test_candidate" name="test_candidate_modality_consistency[Modality.IMAGE-&lt;lambda&gt;]" time="0.001" /><testcase classname="tests.dataclasses.test_candidate" name="test_candidate_modality_consistency[Modality.GRAPH-&lt;lambda&gt;]" time="0.001" /><testcase classname="tests.dataclasses.test_candidate" name="test_candidate_modality_consistency[Modality.STRUCTURE-&lt;lambda&gt;]" time="0.001" /><testcase classname="tests.dataclasses.test_candidate" name="test_candidate_modality_consistency[Modality.TABULAR-&lt;lambda&gt;]" time="0.001" /><testcase classname="tests.dataclasses.test_candidate" name="test_candidate_modality_consistency[Modality.EMBEDDING-&lt;lambda&gt;]" time="0.001" /><testcase classname="tests.dataclasses.test_candidate" name="test_candidate_features_parametrized[features0]" time="0.001" /><testcase classname="tests.dataclasses.test_candidate" name="test_candidate_features_parametrized[features1]" time="0.001" /><testcase classname="tests.dataclasses.test_candidate" name="test_candidate_features_parametrized[features2]" time="0.001" /><testcase classname="tests.dataclasses.test_candidate" name="test_candidate_features_parametrized[features3]" time="0.001" /><testcase classname="tests.dataclasses.test_candidate.TestCandidateEquality" name="test_equality_basic_same_candidates" time="0.001" /><testcase classname="tests.dataclasses.test_candidate.TestCandidateEquality" name="test_equality_basic_different_data" time="0.001" /><testcase classname="tests.dataclasses.test_candidate.TestCandidateEquality" name="test_equality_different_modality" time="0.001" /><testcase classname="tests.dataclasses.test_candidate.TestCandidateEquality" name="test_equality_with_numpy_array_in_features" time="0.001" /><testcase classname="tests.dataclasses.test_candidate.TestCandidateEquality" name="test_equality_with_numpy_array_in_features_different_values" time="0.001" /><testcase classname="tests.dataclasses.test_candidate.TestCandidateEquality" name="test_equality_with_numpy_array_in_data" time="0.001" /><testcase classname="tests.dataclasses.test_candidate.TestCandidateEquality" name="test_equality_with_numpy_array_in_data_different_values" time="0.001" /><testcase classname="tests.dataclasses.test_candidate.TestCandidateEquality" name="test_equality_with_nested_list_of_numpy_arrays_in_data" time="0.001" /><testcase classname="tests.dataclasses.test_candidate.TestCandidateEquality" name="test_equality_with_nested_dict_of_numpy_arrays_in_features" time="0.001" /><testcase classname="tests.dataclasses.test_candidate.TestCandidateEquality" name="test_equality_with_mixed_features" time="0.001" /><testcase classname="tests.dataclasses.test_candidate.TestCandidateEquality" name="test_equality_different_feature_keys" time="0.001" /><testcase classname="tests.dataclasses.test_candidate.TestCandidateEquality" name="test_equality_with_none_features" time="0.001" /><testcase classname="tests.dataclasses.test_candidate.TestCandidateEquality" name="test_equality_with_torch_tensors_in_features" time="0.004" /><testcase classname="tests.dataclasses.test_candidate.TestCandidateEquality" name="test_equality_with_nan_in_numpy_arrays" time="0.001" /><testcase classname="tests.dataclasses.test_candidate.TestCandidateEquality" name="test_equality_with_different_numpy_dtypes" time="0.001" /><testcase classname="tests.dataclasses.test_candidate.TestCandidateEquality" name="test_equality_with_non_candidate_object" time="0.001" /><testcase classname="tests.dataclasses.test_candidate.TestCandidateEquality" name="test_unhashable" time="0.001" /><testcase classname="tests.dataclasses.test_candidate.TestCandidateEquality" name="test_cannot_use_in_set" time="0.001" /><testcase classname="tests.dataclasses.test_candidate.TestCandidateEquality" name="test_equality_preserves_in_operator_semantics" time="0.001" /><testcase classname="tests.dataclasses.test_labelled_candidates.TestLabelledCandidatesInitialization" name="test_initialization_with_valid_data" time="0.001" /><testcase classname="tests.dataclasses.test_labelled_candidates.TestLabelledCandidatesInitialization" name="test_initialization_with_empty_data" time="0.001" /><testcase classname="tests.dataclasses.test_labelled_candidates.TestLabelledCandidatesInitialization" name="test_initialization_with_single_item" time="0.001" /><testcase classname="tests.dataclasses.test_labelled_candidates.TestLabelledCandidatesInitialization" name="test_large_number_of_candidates" time="0.002" /><testcase classname="tests.dataclasses.test_labelled_candidates.TestLabelledCandidatesInitialization" name="test_multidimensional_labels" time="0.001" /><testcase classname="tests.dataclasses.test_labelled_candidates.TestLabelledCandidatesValidation" name="test_initialization_with_mismatched_lengths_raises_assertion" time="0.002" /><testcase classname="tests.dataclasses.test_labelled_candidates.TestLabelledCandidatesValidation" name="test_initialization_with_empty_candidates_non_empty_labels" time="0.001" /><testcase classname="tests.dataclasses.test_labelled_candidates.TestLabelledCandidatesValidation" name="test_initialization_with_non_empty_candidates_empty_labels" time="0.001" /><testcase classname="tests.dataclasses.test_labelled_candidates.TestLabelledCandidatesMethods" name="test_len_method" time="0.001" /><testcase classname="tests.dataclasses.test_labelled_candidates.TestLabelledCandidatesMethods" name="test_data_property" time="0.001" /><testcase classname="tests.dataclasses.test_labelled_candidates.TestLabelledCandidatesGetItem" name="test_getitem_int_returns_singleton_collection" time="0.001" /><testcase classname="tests.dataclasses.test_labelled_candidates.TestLabelledCandidatesGetItem" name="test_getitem_slice_returns_subcollection" time="0.001" /><testcase classname="tests.dataclasses.test_labelled_candidates.TestLabelledCandidatesValidateShuffleSortRemove" name="test_shuffle_deterministic" time="0.002" /><testcase classname="tests.dataclasses.test_labelled_candidates.TestLabelledCandidatesValidateShuffleSortRemove" name="test_sort_ascending_and_descending" time="0.001" /><testcase classname="tests.dataclasses.test_labelled_candidates.TestLabelledCandidatesValidateShuffleSortRemove" name="test_remove_with_list_and_with_collection" time="0.001" /><testcase classname="tests.dataclasses.test_labelled_candidates.TestLabelledCandidatesValidateShuffleSortRemove" name="test_remove_ignores_candidates_not_present" time="0.001" /><testcase classname="tests.dataclasses.test_labelled_candidates.TestLabelledCandidatesToDataFrame" name="test_to_dataframe_with_features" time="0.003" /><testcase classname="tests.dataclasses.test_labelled_candidates.TestLabelledCandidatesAppend" name="test_append_with_candidates_list" time="0.001" /><testcase classname="tests.dataclasses.test_labelled_candidates.TestLabelledCandidatesAppend" name="test_append_with_labelled_candidates" time="0.001" /><testcase classname="tests.dataclasses.test_labelled_candidates.TestLabelledCandidatesAppend" name="test_append_with_mismatched_lengths_raises_assertion" time="0.001" /><testcase classname="tests.dataclasses.test_labelled_candidates.TestLabelledCandidatesAppend" name="test_append_with_none_labels_raises_assertion" time="0.001" /><testcase classname="tests.dataclasses.test_labelled_candidates.TestLabelledCandidatesAppend" name="test_multiple_append_operations" time="0.001" /><testcase classname="tests.dataclasses.test_labelled_candidates" name="test_labelled_candidates_length_consistency[0]" time="0.001" /><testcase classname="tests.dataclasses.test_labelled_candidates" name="test_labelled_candidates_length_consistency[1]" time="0.001" /><testcase classname="tests.dataclasses.test_labelled_candidates" name="test_labelled_candidates_length_consistency[5]" time="0.001" /><testcase classname="tests.dataclasses.test_labelled_candidates" name="test_labelled_candidates_length_consistency[10]" time="0.001" /><testcase classname="tests.dataclasses.test_labelled_candidates" name="test_labelled_candidates_length_consistency[100]" time="0.001" /><testcase classname="tests.dataclasses.test_labelled_candidates" name="test_labelled_candidates_modality_consistency[Modality.SEQUENCE-&lt;lambda&gt;]" time="0.001" /><testcase classname="tests.dataclasses.test_labelled_candidates" name="test_labelled_candidates_modality_consistency[Modality.IMAGE-&lt;lambda&gt;]" time="0.001" /><testcase classname="tests.dataclasses.test_labelled_candidates" name="test_labelled_candidates_modality_consistency[Modality.GRAPH-&lt;lambda&gt;]" time="0.001" /><testcase classname="tests.dataclasses.test_labelled_candidates" name="test_labelled_candidates_modality_consistency[Modality.STRUCTURE-&lt;lambda&gt;]" time="0.001" /><testcase classname="tests.dataclasses.test_labelled_candidates" name="test_labelled_candidates_modality_consistency[Modality.TABULAR-&lt;lambda&gt;]" time="0.001" /><testcase classname="tests.dataclasses.test_labelled_candidates" name="test_labelled_candidates_modality_consistency[Modality.EMBEDDING-&lt;lambda&gt;]" time="0.001" /><testcase classname="tests.dataclasses.test_labelled_candidates.TestLabelledCandidatesEquality" name="test_equality_basic_same_labeled_candidates" time="0.001" /><testcase classname="tests.dataclasses.test_labelled_candidates.TestLabelledCandidatesEquality" name="test_equality_different_labels" time="0.001" /><testcase classname="tests.dataclasses.test_labelled_candidates.TestLabelledCandidatesEquality" name="test_equality_different_candidates" time="0.001" /><testcase classname="tests.dataclasses.test_labelled_candidates.TestLabelledCandidatesEquality" name="test_equality_with_numpy_arrays_in_candidate_features" time="0.001" /><testcase classname="tests.dataclasses.test_labelled_candidates.TestLabelledCandidatesEquality" name="test_equality_with_numpy_arrays_in_candidate_data" time="0.001" /><testcase classname="tests.dataclasses.test_labelled_candidates.TestLabelledCandidatesEquality" name="test_equality_with_multidimensional_labels" time="0.001" /><testcase classname="tests.dataclasses.test_labelled_candidates.TestLabelledCandidatesEquality" name="test_equality_empty_collections" time="0.001" /><testcase classname="tests.dataclasses.test_labelled_candidates.TestLabelledCandidatesEquality" name="test_equality_different_lengths" time="0.001" /><testcase classname="tests.dataclasses.test_labelled_candidates.TestLabelledCandidatesEquality" name="test_equality_with_nan_in_labels" time="0.001" /><testcase classname="tests.dataclasses.test_labelled_candidates.TestLabelledCandidatesEquality" name="test_equality_with_non_labeled_candidates_object" time="0.001" /><testcase classname="tests.dataclasses.test_labelled_candidates.TestLabelledCandidatesEquality" name="test_unhashable" time="0.001" /><testcase classname="tests.dataclasses.test_labelled_candidates.TestLabelledCandidatesEquality" name="test_cannot_use_in_set" time="0.001" /><testcase classname="tests.dataclasses.test_labelled_candidates.TestLabelledCandidatesEquality" name="test_remove_works_with_numpy_arrays_in_candidates" time="0.001" /><testcase classname="tests.dataclasses.test_labelled_candidates.TestLabelledCandidatesEquality" name="test_remove_with_image_data_candidates" time="0.001" /><testcase classname="tests.dataclasses.test_labelled_candidates.TestLabelledCandidatesEquality" name="test_equality_after_operations" time="0.001" /><testcase classname="tests.dataclasses.test_predictions.TestPredictionsInitialization" name="test_predictions_with_means_only" time="0.001" /><testcase classname="tests.dataclasses.test_predictions.TestPredictionsInitialization" name="test_predictions_with_means_and_variances" time="0.001" /><testcase classname="tests.dataclasses.test_predictions.TestPredictionsInitialization" name="test_predictions_with_all_parameters" time="0.001" /><testcase classname="tests.dataclasses.test_predictions.TestPredictionsInitialization" name="test_predictions_with_empty_means" time="0.001" /><testcase classname="tests.dataclasses.test_predictions.TestPredictionsInitialization" name="test_predictions_with_large_arrays" time="0.001" /><testcase classname="tests.dataclasses.test_predictions.TestPredictionsValidation" name="test_predictions_requires_means" time="0.001" /><testcase classname="tests.dataclasses.test_predictions.TestPredictionsValidation" name="test_predictions_with_mismatched_variances_array_lengths" time="0.001" /><testcase classname="tests.dataclasses.test_predictions.TestPredictionsValidation" name="test_predictions_with_mismatched_empirical_dist_array_lengths" time="0.001" /><testcase classname="tests.dataclasses.test_predictions.TestPredictionsToDataFrame" name="test_to_dataframe_basic" time="0.003" /><testcase classname="tests.dataclasses.test_predictions.TestPredictionsToDataFrame" name="test_to_dataframe_with_empirical_dist" time="0.001" /><testcase classname="tests.dataclasses.test_predictions.TestPredictionsToDataFrame" name="test_to_dataframe_without_variances" time="0.001" /><testcase classname="tests.dataclasses.test_predictions.TestPredictionsToDataFrame" name="test_to_dataframe_without_empirical_dist" time="0.001" /><testcase classname="tests.dataset.test_base_dataset.TestBaseDatasetInitialization" name="test_initialization_with_valid_config" time="0.003" /><testcase classname="tests.dataset.test_base_dataset.TestBaseDatasetInitialization" name="test_initialization_with_candidate_pool" time="0.005" /><testcase classname="tests.dataset.test_base_dataset.TestBaseDatasetValidation" name="test_validate_config_ratios_sum_exceeds_one" time="0.002" /><testcase classname="tests.dataset.test_base_dataset.TestBaseDatasetValidation" name="test_validate_config_invalid_train_ratio" time="0.001" /><testcase classname="tests.dataset.test_base_dataset.TestBaseDatasetValidation" name="test_validate_config_invalid_modality" time="0.001" /><testcase classname="tests.dataset.test_base_dataset.TestBaseDatasetSplitting" name="test_split_dataset_random" time="0.003" /><testcase classname="tests.dataset.test_base_dataset.TestBaseDatasetSplitting" name="test_split_dataset_with_candidate_pool" time="0.003" /><testcase classname="tests.dataset.test_base_dataset.TestBaseDatasetSplitting" name="test_split_dataset_low_vs_high" time="0.003" /><testcase classname="tests.dataset.test_base_dataset.TestBaseDatasetSplitting" name="test_init_candidate_pool_is_deepcopy" time="0.003" /><testcase classname="tests.dataset.test_base_dataset.TestBaseDatasetProperties" name="test_train_dataset_property" time="0.003" /><testcase classname="tests.dataset.test_base_dataset.TestBaseDatasetProperties" name="test_validation_dataset_property" time="0.003" /><testcase classname="tests.dataset.test_base_dataset.TestBaseDatasetProperties" name="test_test_dataset_property" time="0.003" /><testcase classname="tests.dataset.test_base_dataset.TestBaseDatasetProperties" name="test_candidate_pool_property" time="0.003" /><testcase classname="tests.dataset.test_base_dataset.TestBaseDatasetProperties" name="test_property_access_before_split_raises_error" time="0.002" /><testcase classname="tests.dataset.test_base_dataset.TestBaseDatasetUpdateSplits" name="test_update_splits_with_acquired_candidates" time="0.003" /><testcase classname="tests.dataset.test_base_dataset.TestBaseDatasetUpdateSplits" name="test_update_splits_respects_validation_ratio" time="0.003" /><testcase classname="tests.dataset.test_base_dataset.TestBaseDatasetQuery" name="test_query_returns_correct_labels" time="0.003" /><testcase classname="tests.dataset.test_base_dataset.TestBaseDatasetSaveSplits" name="test_save_splits_creates_files" time="0.014" /><testcase classname="tests.dataset.test_base_dataset.TestBaseDatasetSaveSplits" name="test_save_splits_file_contents" time="0.009" /><testcase classname="tests.dataset.test_base_dataset.TestBaseDatasetGetMetrics" name="test_get_metrics_returns_correct_keys" time="0.003" /><testcase classname="tests.dataset.test_base_dataset.TestBaseDatasetGetMetrics" name="test_get_metrics_returns_correct_values" time="0.003" /><testcase classname="tests.dataset.test_base_dataset.TestBaseDatasetReproducibility" name="test_different_seeds_produce_different_splits" time="0.005" /><testcase classname="tests.dataset.test_base_dataset.TestBaseDatasetReproducibility" name="test_same_seed_produces_same_splits" time="0.005" /><testcase classname="tests.tasks.test_design_task.TestDesignTask" name="test_design_dummy_surrogate_experiment" time="0.080" /><testcase classname="tests.tasks.test_supervised_task.TestSupervisedTask" name="test_supervised_dummy_surrogate_experiment" time="0.028" /><testcase classname="tests.tasks.test_zeroshot_task.TestZeroShotTask" name="test_zeroshot_dummy_surrogate_experiment" time="0.024" /></testsuite></testsuites>
